<?xml version="1.0" encoding="UTF-8"?>
<!-- Generated by org.testng.reporters.JUnitReportReporter -->
<testsuite hostname="DESKTOP-QBRLA8H" failures="0" tests="1" name="com.actitime.testscript.CustomerModule" time="0.011" errors="0" timestamp="2023-08-08T10:18:39 IST" skipped="0">
  <testcase classname="com.actitime.testscript.CustomerModule" name="testCreateCustomer" time="0.011"/>
  <system-out>
    <![CDATA[Create Customer]]>
  </system-out>
</testsuite> <!-- com.actitime.testscript.CustomerModule -->
